{
  "timestamp": "2025-09-13T13:36:06.941Z",
  "level": "error",
  "message": "Job creation failed",
  "error": "Server-side video generation is currently disabled",
  "request": {
    "audioUrl": "https://dts.podtrac.com/redirect.mp3/cdn-tr.npr.org/tw/8011/2025/01/20250109_tw_8011_segrw-8fc983fb-a37f-4fb8-84bb-9e9b6c9f2e5f.mp3?f=4932231&c=_rss",
    "clipStart": 30000,
    "clipEnd": 60000,
    "podcast": {
      "title": "Poem of the Day",
      "artwork": "https://picsum.photos/400/400",
      "episode": "Test Episode"
    },
    "userEmail": "test@audio2.app",
    "aspectRatio": "9:16",
    "template": "professional"
  }
}
{
  "timestamp": "2025-09-13T13:36:06.942Z",
  "level": "error",
  "message": "Video creation failed",
  "error": "Server-side video generation is currently disabled",
  "stack": "Error: Server-side video generation is currently disabled\n    at JobQueue.checkFeatureEnabled (/Users/droth/Downloads/Projects/podknowledge/audio-trimmer-server/services/job-queue.js:23:13)\n    at JobQueue.createJob (/Users/droth/Downloads/Projects/podknowledge/audio-trimmer-server/services/job-queue.js:62:12)\n    at module.exports (/Users/droth/Downloads/Projects/podknowledge/audio-trimmer-server/api/create-video.js:59:29)\n    at module.exports (/Users/droth/Downloads/Projects/podknowledge/audio-trimmer-server/api/test-video.js:32:12)\n    at Layer.handle [as handle_request] (/Users/droth/Downloads/Projects/podknowledge/audio-trimmer-server/node_modules/express/lib/router/layer.js:95:5)\n    at next (/Users/droth/Downloads/Projects/podknowledge/audio-trimmer-server/node_modules/express/lib/router/route.js:149:13)\n    at Route.dispatch (/Users/droth/Downloads/Projects/podknowledge/audio-trimmer-server/node_modules/express/lib/router/route.js:119:3)\n    at Layer.handle [as handle_request] (/Users/droth/Downloads/Projects/podknowledge/audio-trimmer-server/node_modules/express/lib/router/layer.js:95:5)\n    at /Users/droth/Downloads/Projects/podknowledge/audio-trimmer-server/node_modules/express/lib/router/index.js:284:15\n    at Function.process_params (/Users/droth/Downloads/Projects/podknowledge/audio-trimmer-server/node_modules/express/lib/router/index.js:346:12)"
}
{
  "timestamp": "2025-09-13T13:42:06.516Z",
  "level": "error",
  "message": "Audio download failed",
  "jobId": "vid_6de72088",
  "audioUrl": "https://dts.podtrac.com/redirect.mp3/cdn-tr.npr.org/tw/8011/2025/01/20250109_tw_8011_segrw-8fc983fb-a37f-4fb8-84bb-9e9b6c9f2e5f.mp3",
  "error": "HTTP 403: Forbidden",
  "downloadTime": "761ms"
}
{
  "timestamp": "2025-09-13T13:42:06.516Z",
  "level": "error",
  "message": "Video processing failed",
  "jobId": "vid_6de72088",
  "error": "HTTP 403: Forbidden",
  "stack": "Error: HTTP 403: Forbidden\n    at AudioDownloadService.fetchAudioWithTimeout (/Users/droth/Downloads/Projects/podknowledge/audio-trimmer-server/services/audio-download.js:97:15)\n    at process.processTicksAndRejections (node:internal/process/task_queues:105:5)\n    at async AudioDownloadService.downloadAudioSegment (/Users/droth/Downloads/Projects/podknowledge/audio-trimmer-server/services/audio-download.js:42:27)\n    at async JobQueue.processVideoJob (/Users/droth/Downloads/Projects/podknowledge/audio-trimmer-server/services/job-queue.js:181:27)"
}
{
  "timestamp": "2025-09-13T13:42:06.660Z",
  "level": "error",
  "message": "Audio download failed",
  "jobId": "vid_6de72088",
  "audioUrl": "https://dts.podtrac.com/redirect.mp3/cdn-tr.npr.org/tw/8011/2025/01/20250109_tw_8011_segrw-8fc983fb-a37f-4fb8-84bb-9e9b6c9f2e5f.mp3",
  "error": "HTTP 403: Forbidden",
  "downloadTime": "143ms"
}
{
  "timestamp": "2025-09-13T13:42:06.660Z",
  "level": "error",
  "message": "Video processing failed",
  "jobId": "vid_6de72088",
  "error": "HTTP 403: Forbidden",
  "stack": "Error: HTTP 403: Forbidden\n    at AudioDownloadService.fetchAudioWithTimeout (/Users/droth/Downloads/Projects/podknowledge/audio-trimmer-server/services/audio-download.js:97:15)\n    at process.processTicksAndRejections (node:internal/process/task_queues:105:5)\n    at async AudioDownloadService.downloadAudioSegment (/Users/droth/Downloads/Projects/podknowledge/audio-trimmer-server/services/audio-download.js:42:27)\n    at async JobQueue.processVideoJob (/Users/droth/Downloads/Projects/podknowledge/audio-trimmer-server/services/job-queue.js:181:27)"
}
{
  "timestamp": "2025-09-13T13:42:06.660Z",
  "level": "error",
  "message": "Job vid_6de72088 failed at final_failure",
  "jobId": "vid_6de72088",
  "stage": "final_failure",
  "error": "HTTP 403: Forbidden",
  "stack": "Error: HTTP 403: Forbidden\n    at AudioDownloadService.fetchAudioWithTimeout (/Users/droth/Downloads/Projects/podknowledge/audio-trimmer-server/services/audio-download.js:97:15)\n    at process.processTicksAndRejections (node:internal/process/task_queues:105:5)\n    at async AudioDownloadService.downloadAudioSegment (/Users/droth/Downloads/Projects/podknowledge/audio-trimmer-server/services/audio-download.js:42:27)\n    at async JobQueue.processVideoJob (/Users/droth/Downloads/Projects/podknowledge/audio-trimmer-server/services/job-queue.js:181:27)"
}
{
  "timestamp": "2025-09-13T13:42:42.571Z",
  "level": "error",
  "message": "Video processing failed",
  "jobId": "vid_f8b89e55",
  "error": "HTTP 403: Forbidden",
  "stack": "Error: HTTP 403: Forbidden\n    at AudioDownloadService.fetchAudioWithTimeout (/Users/droth/Downloads/Projects/podknowledge/audio-trimmer-server/services/audio-download.js:97:15)\n    at process.processTicksAndRejections (node:internal/process/task_queues:105:5)\n    at async AudioDownloadService.downloadAudioSegment (/Users/droth/Downloads/Projects/podknowledge/audio-trimmer-server/services/audio-download.js:42:27)\n    at async JobQueue.processVideoJob (/Users/droth/Downloads/Projects/podknowledge/audio-trimmer-server/services/job-queue.js:181:27)"
}
{
  "timestamp": "2025-09-13T13:42:42.570Z",
  "level": "error",
  "message": "Audio download failed",
  "jobId": "vid_f8b89e55",
  "audioUrl": "https://anchor.fm/s/98d6e88/podcast/play/58436985/https%3A%2F%2Fd3ctxlq1ktw2nl.cloudfront.net%2Fstaging%2F2022-9-20%2Ff4b4c0e1-5b8a-2e5c-0b89-bbc2b50e6177.mp3",
  "error": "HTTP 403: Forbidden",
  "downloadTime": "835ms"
}
{
  "timestamp": "2025-09-13T13:42:42.919Z",
  "level": "error",
  "message": "Audio download failed",
  "jobId": "vid_f8b89e55",
  "audioUrl": "https://anchor.fm/s/98d6e88/podcast/play/58436985/https%3A%2F%2Fd3ctxlq1ktw2nl.cloudfront.net%2Fstaging%2F2022-9-20%2Ff4b4c0e1-5b8a-2e5c-0b89-bbc2b50e6177.mp3",
  "error": "HTTP 403: Forbidden",
  "downloadTime": "347ms"
}
{
  "timestamp": "2025-09-13T13:42:42.919Z",
  "level": "error",
  "message": "Video processing failed",
  "jobId": "vid_f8b89e55",
  "error": "HTTP 403: Forbidden",
  "stack": "Error: HTTP 403: Forbidden\n    at AudioDownloadService.fetchAudioWithTimeout (/Users/droth/Downloads/Projects/podknowledge/audio-trimmer-server/services/audio-download.js:97:15)\n    at process.processTicksAndRejections (node:internal/process/task_queues:105:5)\n    at async AudioDownloadService.downloadAudioSegment (/Users/droth/Downloads/Projects/podknowledge/audio-trimmer-server/services/audio-download.js:42:27)\n    at async JobQueue.processVideoJob (/Users/droth/Downloads/Projects/podknowledge/audio-trimmer-server/services/job-queue.js:181:27)"
}
{
  "timestamp": "2025-09-13T13:42:42.919Z",
  "level": "error",
  "message": "Job vid_f8b89e55 failed at final_failure",
  "jobId": "vid_f8b89e55",
  "stage": "final_failure",
  "error": "HTTP 403: Forbidden",
  "stack": "Error: HTTP 403: Forbidden\n    at AudioDownloadService.fetchAudioWithTimeout (/Users/droth/Downloads/Projects/podknowledge/audio-trimmer-server/services/audio-download.js:97:15)\n    at process.processTicksAndRejections (node:internal/process/task_queues:105:5)\n    at async AudioDownloadService.downloadAudioSegment (/Users/droth/Downloads/Projects/podknowledge/audio-trimmer-server/services/audio-download.js:42:27)\n    at async JobQueue.processVideoJob (/Users/droth/Downloads/Projects/podknowledge/audio-trimmer-server/services/job-queue.js:181:27)"
}
{
  "timestamp": "2025-09-13T13:42:54.336Z",
  "level": "error",
  "message": "Invalid clip duration",
  "duration": 5,
  "min": 30,
  "max": 60
}
{
  "timestamp": "2025-09-13T13:43:00.616Z",
  "level": "error",
  "message": "Audio validation failed",
  "jobId": "vid_e5b00151",
  "error": "Downloaded audio file too small (likely error page)"
}
{
  "timestamp": "2025-09-13T13:43:00.616Z",
  "level": "error",
  "message": "Video processing failed",
  "jobId": "vid_e5b00151",
  "error": "Audio validation failed: Downloaded audio file too small (likely error page)",
  "stack": "Error: Audio validation failed: Downloaded audio file too small (likely error page)\n    at AudioDownloadService.validateAudioFile (/Users/droth/Downloads/Projects/podknowledge/audio-trimmer-server/services/audio-download.js:172:13)\n    at async AudioDownloadService.downloadAudioSegment (/Users/droth/Downloads/Projects/podknowledge/audio-trimmer-server/services/audio-download.js:52:7)\n    at async JobQueue.processVideoJob (/Users/droth/Downloads/Projects/podknowledge/audio-trimmer-server/services/job-queue.js:181:27)"
}
{
  "timestamp": "2025-09-13T13:43:00.616Z",
  "level": "error",
  "message": "Audio download failed",
  "jobId": "vid_e5b00151",
  "audioUrl": "https://www.soundjay.com/misc/sounds-files/bell-ringing-05.mp3",
  "error": "Audio validation failed: Downloaded audio file too small (likely error page)",
  "downloadTime": "1355ms"
}
{
  "timestamp": "2025-09-13T13:43:00.873Z",
  "level": "error",
  "message": "Audio validation failed",
  "jobId": "vid_e5b00151",
  "error": "Downloaded audio file too small (likely error page)"
}
{
  "timestamp": "2025-09-13T13:43:00.874Z",
  "level": "error",
  "message": "Audio download failed",
  "jobId": "vid_e5b00151",
  "audioUrl": "https://www.soundjay.com/misc/sounds-files/bell-ringing-05.mp3",
  "error": "Audio validation failed: Downloaded audio file too small (likely error page)",
  "downloadTime": "258ms"
}
{
  "timestamp": "2025-09-13T13:43:00.874Z",
  "level": "error",
  "message": "Job vid_e5b00151 failed at final_failure",
  "jobId": "vid_e5b00151",
  "stage": "final_failure",
  "error": "Audio validation failed: Downloaded audio file too small (likely error page)",
  "stack": "Error: Audio validation failed: Downloaded audio file too small (likely error page)\n    at AudioDownloadService.validateAudioFile (/Users/droth/Downloads/Projects/podknowledge/audio-trimmer-server/services/audio-download.js:172:13)\n    at async AudioDownloadService.downloadAudioSegment (/Users/droth/Downloads/Projects/podknowledge/audio-trimmer-server/services/audio-download.js:52:7)\n    at async JobQueue.processVideoJob (/Users/droth/Downloads/Projects/podknowledge/audio-trimmer-server/services/job-queue.js:181:27)"
}
{
  "timestamp": "2025-09-13T13:43:00.874Z",
  "level": "error",
  "message": "Video processing failed",
  "jobId": "vid_e5b00151",
  "error": "Audio validation failed: Downloaded audio file too small (likely error page)",
  "stack": "Error: Audio validation failed: Downloaded audio file too small (likely error page)\n    at AudioDownloadService.validateAudioFile (/Users/droth/Downloads/Projects/podknowledge/audio-trimmer-server/services/audio-download.js:172:13)\n    at async AudioDownloadService.downloadAudioSegment (/Users/droth/Downloads/Projects/podknowledge/audio-trimmer-server/services/audio-download.js:52:7)\n    at async JobQueue.processVideoJob (/Users/droth/Downloads/Projects/podknowledge/audio-trimmer-server/services/job-queue.js:181:27)"
}
{
  "timestamp": "2025-09-13T13:43:23.057Z",
  "level": "error",
  "message": "Video processing failed",
  "jobId": "vid_050d21b0",
  "error": "HTTP 404: Not Found",
  "stack": "Error: HTTP 404: Not Found\n    at AudioDownloadService.fetchAudioWithTimeout (/Users/droth/Downloads/Projects/podknowledge/audio-trimmer-server/services/audio-download.js:97:15)\n    at process.processTicksAndRejections (node:internal/process/task_queues:105:5)\n    at async AudioDownloadService.downloadAudioSegment (/Users/droth/Downloads/Projects/podknowledge/audio-trimmer-server/services/audio-download.js:42:27)\n    at async JobQueue.processVideoJob (/Users/droth/Downloads/Projects/podknowledge/audio-trimmer-server/services/job-queue.js:181:27)"
}
{
  "timestamp": "2025-09-13T13:43:23.057Z",
  "level": "error",
  "message": "Audio download failed",
  "jobId": "vid_050d21b0",
  "audioUrl": "https://file-examples.com/storage/fe68c1c7d40b3f8ee0f2c04/2017/11/file_example_MP3_700KB.mp3",
  "error": "HTTP 404: Not Found",
  "downloadTime": "672ms"
}
{
  "timestamp": "2025-09-13T13:43:23.805Z",
  "level": "error",
  "message": "Video processing failed",
  "jobId": "vid_050d21b0",
  "error": "HTTP 404: Not Found",
  "stack": "Error: HTTP 404: Not Found\n    at AudioDownloadService.fetchAudioWithTimeout (/Users/droth/Downloads/Projects/podknowledge/audio-trimmer-server/services/audio-download.js:97:15)\n    at process.processTicksAndRejections (node:internal/process/task_queues:105:5)\n    at async AudioDownloadService.downloadAudioSegment (/Users/droth/Downloads/Projects/podknowledge/audio-trimmer-server/services/audio-download.js:42:27)\n    at async JobQueue.processVideoJob (/Users/droth/Downloads/Projects/podknowledge/audio-trimmer-server/services/job-queue.js:181:27)"
}
{
  "timestamp": "2025-09-13T13:43:23.804Z",
  "level": "error",
  "message": "Audio download failed",
  "jobId": "vid_050d21b0",
  "audioUrl": "https://file-examples.com/storage/fe68c1c7d40b3f8ee0f2c04/2017/11/file_example_MP3_700KB.mp3",
  "error": "HTTP 404: Not Found",
  "downloadTime": "747ms"
}
{
  "timestamp": "2025-09-13T13:43:23.805Z",
  "level": "error",
  "message": "Job vid_050d21b0 failed at final_failure",
  "jobId": "vid_050d21b0",
  "stage": "final_failure",
  "error": "HTTP 404: Not Found",
  "stack": "Error: HTTP 404: Not Found\n    at AudioDownloadService.fetchAudioWithTimeout (/Users/droth/Downloads/Projects/podknowledge/audio-trimmer-server/services/audio-download.js:97:15)\n    at process.processTicksAndRejections (node:internal/process/task_queues:105:5)\n    at async AudioDownloadService.downloadAudioSegment (/Users/droth/Downloads/Projects/podknowledge/audio-trimmer-server/services/audio-download.js:42:27)\n    at async JobQueue.processVideoJob (/Users/droth/Downloads/Projects/podknowledge/audio-trimmer-server/services/job-queue.js:181:27)"
}
{
  "timestamp": "2025-09-13T13:45:08.264Z",
  "level": "error",
  "message": "Audio download failed",
  "jobId": "vid_eeacf3f2",
  "audioUrl": "https://dts.podtrac.com/redirect.mp3/cdn-tr.npr.org/tw/8011/2025/01/20250109_tw_8011_segrw-8fc983fb-a37f-4fb8-84bb-9e9b6c9f2e5f.mp3",
  "error": "HTTP 403: Request failed with status code 403",
  "downloadTime": "174ms"
}
{
  "timestamp": "2025-09-13T13:45:08.265Z",
  "level": "error",
  "message": "Video processing failed",
  "jobId": "vid_eeacf3f2",
  "error": "HTTP 403: Request failed with status code 403",
  "stack": "Error: HTTP 403: Request failed with status code 403\n    at AudioDownloadService.fetchAudioWithTimeout (/Users/droth/Downloads/Projects/podknowledge/audio-trimmer-server/services/audio-download.js:122:13)\n    at process.processTicksAndRejections (node:internal/process/task_queues:105:5)\n    at async AudioDownloadService.downloadAudioSegment (/Users/droth/Downloads/Projects/podknowledge/audio-trimmer-server/services/audio-download.js:42:49)\n    at async JobQueue.processVideoJob (/Users/droth/Downloads/Projects/podknowledge/audio-trimmer-server/services/job-queue.js:181:27)"
}
{
  "timestamp": "2025-09-13T13:45:08.396Z",
  "level": "error",
  "message": "Audio download failed",
  "jobId": "vid_eeacf3f2",
  "audioUrl": "https://dts.podtrac.com/redirect.mp3/cdn-tr.npr.org/tw/8011/2025/01/20250109_tw_8011_segrw-8fc983fb-a37f-4fb8-84bb-9e9b6c9f2e5f.mp3",
  "error": "HTTP 403: Request failed with status code 403",
  "downloadTime": "131ms"
}
{
  "timestamp": "2025-09-13T13:45:08.396Z",
  "level": "error",
  "message": "Video processing failed",
  "jobId": "vid_eeacf3f2",
  "error": "HTTP 403: Request failed with status code 403",
  "stack": "Error: HTTP 403: Request failed with status code 403\n    at AudioDownloadService.fetchAudioWithTimeout (/Users/droth/Downloads/Projects/podknowledge/audio-trimmer-server/services/audio-download.js:122:13)\n    at process.processTicksAndRejections (node:internal/process/task_queues:105:5)\n    at async AudioDownloadService.downloadAudioSegment (/Users/droth/Downloads/Projects/podknowledge/audio-trimmer-server/services/audio-download.js:42:49)\n    at async JobQueue.processVideoJob (/Users/droth/Downloads/Projects/podknowledge/audio-trimmer-server/services/job-queue.js:181:27)"
}
{
  "timestamp": "2025-09-13T13:45:08.397Z",
  "level": "error",
  "message": "Job vid_eeacf3f2 failed at final_failure",
  "jobId": "vid_eeacf3f2",
  "stage": "final_failure",
  "error": "HTTP 403: Request failed with status code 403",
  "stack": "Error: HTTP 403: Request failed with status code 403\n    at AudioDownloadService.fetchAudioWithTimeout (/Users/droth/Downloads/Projects/podknowledge/audio-trimmer-server/services/audio-download.js:122:13)\n    at process.processTicksAndRejections (node:internal/process/task_queues:105:5)\n    at async AudioDownloadService.downloadAudioSegment (/Users/droth/Downloads/Projects/podknowledge/audio-trimmer-server/services/audio-download.js:42:49)\n    at async JobQueue.processVideoJob (/Users/droth/Downloads/Projects/podknowledge/audio-trimmer-server/services/job-queue.js:181:27)"
}
{
  "timestamp": "2025-09-13T13:45:22.898Z",
  "level": "error",
  "message": "Audio download failed",
  "jobId": "vid_48e5ff9f",
  "audioUrl": "https://media.rss.com/thejordanharbingershow/episodes/media/35b9ddbf-eb37-4c4c-b8b9-cccefe3a7ab8.mp3",
  "error": "HTTP 404: Request failed with status code 404",
  "downloadTime": "535ms"
}
{
  "timestamp": "2025-09-13T13:45:22.899Z",
  "level": "error",
  "message": "Video processing failed",
  "jobId": "vid_48e5ff9f",
  "error": "HTTP 404: Request failed with status code 404",
  "stack": "Error: HTTP 404: Request failed with status code 404\n    at AudioDownloadService.fetchAudioWithTimeout (/Users/droth/Downloads/Projects/podknowledge/audio-trimmer-server/services/audio-download.js:122:13)\n    at process.processTicksAndRejections (node:internal/process/task_queues:105:5)\n    at async AudioDownloadService.downloadAudioSegment (/Users/droth/Downloads/Projects/podknowledge/audio-trimmer-server/services/audio-download.js:42:49)\n    at async JobQueue.processVideoJob (/Users/droth/Downloads/Projects/podknowledge/audio-trimmer-server/services/job-queue.js:181:27)"
}
{
  "timestamp": "2025-09-13T13:45:23.353Z",
  "level": "error",
  "message": "Audio download failed",
  "jobId": "vid_48e5ff9f",
  "audioUrl": "https://media.rss.com/thejordanharbingershow/episodes/media/35b9ddbf-eb37-4c4c-b8b9-cccefe3a7ab8.mp3",
  "error": "HTTP 404: Request failed with status code 404",
  "downloadTime": "452ms"
}
{
  "timestamp": "2025-09-13T13:45:23.353Z",
  "level": "error",
  "message": "Video processing failed",
  "jobId": "vid_48e5ff9f",
  "error": "HTTP 404: Request failed with status code 404",
  "stack": "Error: HTTP 404: Request failed with status code 404\n    at AudioDownloadService.fetchAudioWithTimeout (/Users/droth/Downloads/Projects/podknowledge/audio-trimmer-server/services/audio-download.js:122:13)\n    at process.processTicksAndRejections (node:internal/process/task_queues:105:5)\n    at async AudioDownloadService.downloadAudioSegment (/Users/droth/Downloads/Projects/podknowledge/audio-trimmer-server/services/audio-download.js:42:49)\n    at async JobQueue.processVideoJob (/Users/droth/Downloads/Projects/podknowledge/audio-trimmer-server/services/job-queue.js:181:27)"
}
{
  "timestamp": "2025-09-13T13:45:23.354Z",
  "level": "error",
  "message": "Job vid_48e5ff9f failed at final_failure",
  "jobId": "vid_48e5ff9f",
  "stage": "final_failure",
  "error": "HTTP 404: Request failed with status code 404",
  "stack": "Error: HTTP 404: Request failed with status code 404\n    at AudioDownloadService.fetchAudioWithTimeout (/Users/droth/Downloads/Projects/podknowledge/audio-trimmer-server/services/audio-download.js:122:13)\n    at process.processTicksAndRejections (node:internal/process/task_queues:105:5)\n    at async AudioDownloadService.downloadAudioSegment (/Users/droth/Downloads/Projects/podknowledge/audio-trimmer-server/services/audio-download.js:42:49)\n    at async JobQueue.processVideoJob (/Users/droth/Downloads/Projects/podknowledge/audio-trimmer-server/services/job-queue.js:181:27)"
}
{
  "timestamp": "2025-09-13T14:02:49.634Z",
  "level": "error",
  "message": "Audio download failed",
  "jobId": "vid_e1cfcea8",
  "audioUrl": "https://example.com/podcast.mp3",
  "error": "HTTP 404: Request failed with status code 404",
  "downloadTime": "807ms"
}
{
  "timestamp": "2025-09-13T14:02:49.635Z",
  "level": "error",
  "message": "Video processing failed",
  "jobId": "vid_e1cfcea8",
  "error": "HTTP 404: Request failed with status code 404",
  "stack": "Error: HTTP 404: Request failed with status code 404\n    at AudioDownloadService.fetchAudioWithTimeout (/Users/droth/Downloads/Projects/podknowledge/audio-trimmer-server/services/audio-download.js:122:13)\n    at process.processTicksAndRejections (node:internal/process/task_queues:105:5)\n    at async AudioDownloadService.downloadAudioSegment (/Users/droth/Downloads/Projects/podknowledge/audio-trimmer-server/services/audio-download.js:42:49)\n    at async JobQueue.processVideoJob (/Users/droth/Downloads/Projects/podknowledge/audio-trimmer-server/services/job-queue.js:182:27)"
}
{
  "timestamp": "2025-09-13T14:02:50.290Z",
  "level": "error",
  "message": "Audio download failed",
  "jobId": "vid_e1cfcea8",
  "audioUrl": "https://example.com/podcast.mp3",
  "error": "HTTP 404: Request failed with status code 404",
  "downloadTime": "654ms"
}
{
  "timestamp": "2025-09-13T14:02:50.290Z",
  "level": "error",
  "message": "Job vid_e1cfcea8 failed at final_failure",
  "jobId": "vid_e1cfcea8",
  "stage": "final_failure",
  "error": "HTTP 404: Request failed with status code 404",
  "stack": "Error: HTTP 404: Request failed with status code 404\n    at AudioDownloadService.fetchAudioWithTimeout (/Users/droth/Downloads/Projects/podknowledge/audio-trimmer-server/services/audio-download.js:122:13)\n    at process.processTicksAndRejections (node:internal/process/task_queues:105:5)\n    at async AudioDownloadService.downloadAudioSegment (/Users/droth/Downloads/Projects/podknowledge/audio-trimmer-server/services/audio-download.js:42:49)\n    at async JobQueue.processVideoJob (/Users/droth/Downloads/Projects/podknowledge/audio-trimmer-server/services/job-queue.js:182:27)"
}
{
  "timestamp": "2025-09-13T14:02:50.290Z",
  "level": "error",
  "message": "Video processing failed",
  "jobId": "vid_e1cfcea8",
  "error": "HTTP 404: Request failed with status code 404",
  "stack": "Error: HTTP 404: Request failed with status code 404\n    at AudioDownloadService.fetchAudioWithTimeout (/Users/droth/Downloads/Projects/podknowledge/audio-trimmer-server/services/audio-download.js:122:13)\n    at process.processTicksAndRejections (node:internal/process/task_queues:105:5)\n    at async AudioDownloadService.downloadAudioSegment (/Users/droth/Downloads/Projects/podknowledge/audio-trimmer-server/services/audio-download.js:42:49)\n    at async JobQueue.processVideoJob (/Users/droth/Downloads/Projects/podknowledge/audio-trimmer-server/services/job-queue.js:182:27)"
}
{
  "timestamp": "2025-09-13T14:23:32.793Z",
  "level": "error",
  "message": "Audio download failed",
  "jobId": "vid_ba2f9564",
  "audioUrl": "https://www.spreaker.com/download/episode/58102173/audio_only_the_town_s2_episode_1_welcome_to_our_second_season.mp3",
  "error": "HTTP 404: Request failed with status code 404",
  "downloadTime": "1046ms"
}
{
  "timestamp": "2025-09-13T14:23:32.793Z",
  "level": "error",
  "message": "Video processing failed",
  "jobId": "vid_ba2f9564",
  "error": "HTTP 404: Request failed with status code 404",
  "stack": "Error: HTTP 404: Request failed with status code 404\n    at AudioDownloadService.fetchAudioWithTimeout (/Users/droth/Downloads/Projects/podknowledge/audio-trimmer-server/services/audio-download.js:122:13)\n    at process.processTicksAndRejections (node:internal/process/task_queues:105:5)\n    at async AudioDownloadService.downloadAudioSegment (/Users/droth/Downloads/Projects/podknowledge/audio-trimmer-server/services/audio-download.js:42:49)\n    at async JobQueue.processVideoJob (/Users/droth/Downloads/Projects/podknowledge/audio-trimmer-server/services/job-queue.js:183:27)"
}
{
  "timestamp": "2025-09-13T14:23:33.433Z",
  "level": "error",
  "message": "Audio download failed",
  "jobId": "vid_ba2f9564",
  "audioUrl": "https://www.spreaker.com/download/episode/58102173/audio_only_the_town_s2_episode_1_welcome_to_our_second_season.mp3",
  "error": "HTTP 404: Request failed with status code 404",
  "downloadTime": "640ms"
}
{
  "timestamp": "2025-09-13T14:23:33.433Z",
  "level": "error",
  "message": "Job vid_ba2f9564 failed at final_failure",
  "jobId": "vid_ba2f9564",
  "stage": "final_failure",
  "error": "HTTP 404: Request failed with status code 404",
  "stack": "Error: HTTP 404: Request failed with status code 404\n    at AudioDownloadService.fetchAudioWithTimeout (/Users/droth/Downloads/Projects/podknowledge/audio-trimmer-server/services/audio-download.js:122:13)\n    at process.processTicksAndRejections (node:internal/process/task_queues:105:5)\n    at async AudioDownloadService.downloadAudioSegment (/Users/droth/Downloads/Projects/podknowledge/audio-trimmer-server/services/audio-download.js:42:49)\n    at async JobQueue.processVideoJob (/Users/droth/Downloads/Projects/podknowledge/audio-trimmer-server/services/job-queue.js:183:27)"
}
{
  "timestamp": "2025-09-13T14:23:33.433Z",
  "level": "error",
  "message": "Video processing failed",
  "jobId": "vid_ba2f9564",
  "error": "HTTP 404: Request failed with status code 404",
  "stack": "Error: HTTP 404: Request failed with status code 404\n    at AudioDownloadService.fetchAudioWithTimeout (/Users/droth/Downloads/Projects/podknowledge/audio-trimmer-server/services/audio-download.js:122:13)\n    at process.processTicksAndRejections (node:internal/process/task_queues:105:5)\n    at async AudioDownloadService.downloadAudioSegment (/Users/droth/Downloads/Projects/podknowledge/audio-trimmer-server/services/audio-download.js:42:49)\n    at async JobQueue.processVideoJob (/Users/droth/Downloads/Projects/podknowledge/audio-trimmer-server/services/job-queue.js:183:27)"
}
{
  "timestamp": "2025-09-13T14:24:11.822Z",
  "level": "error",
  "message": "Invalid clip duration",
  "duration": 5,
  "min": 30,
  "max": 60
}
{
  "timestamp": "2025-09-13T14:44:15.614Z",
  "level": "error",
  "message": "Emergency cleanup attempted but no token configured"
}
{
  "timestamp": "2025-09-13T16:35:12.748Z",
  "level": "error",
  "message": "Cost analytics dashboard failed",
  "error": "Maximum call stack size exceeded",
  "ip": "127.0.0.1"
}
{
  "timestamp": "2025-09-13T16:36:12.463Z",
  "level": "error",
  "message": "Cost analytics dashboard failed",
  "error": "Cannot read properties of undefined (reading 'toFixed')",
  "ip": "127.0.0.1"
}
{
  "timestamp": "2025-09-13T16:36:19.301Z",
  "level": "error",
  "message": "Cost analytics dashboard failed",
  "error": "Cannot read properties of undefined (reading 'toFixed')",
  "ip": "127.0.0.1"
}
{
  "timestamp": "2025-09-13T16:36:34.541Z",
  "level": "error",
  "message": "Cost analytics dashboard failed",
  "error": "Cannot read properties of undefined (reading 'toFixed')",
  "ip": "127.0.0.1"
}
{
  "timestamp": "2025-09-13T16:36:40.474Z",
  "level": "error",
  "message": "Cost analytics dashboard failed",
  "error": "Cannot read properties of undefined (reading 'toFixed')",
  "ip": "127.0.0.1"
}
{
  "timestamp": "2025-09-13T16:36:54.095Z",
  "level": "error",
  "message": "FFmpeg processing failed",
  "jobId": "vid_794894d5",
  "error": "ffmpeg exited with code 1: Conversion failed!\n",
  "stack": "Error: ffmpeg exited with code 1: Conversion failed!\n\n    at ChildProcess.<anonymous> (/Users/droth/Downloads/Projects/podknowledge/audio-trimmer-server/node_modules/fluent-ffmpeg/lib/processor.js:180:22)\n    at ChildProcess.emit (node:events:518:28)\n    at ChildProcess._handle.onexit (node:internal/child_process:293:12)"
}
{
  "timestamp": "2025-09-13T16:36:54.095Z",
  "level": "error",
  "message": "Video composition failed",
  "jobId": "vid_794894d5",
  "error": "FFmpeg failed: ffmpeg exited with code 1: Conversion failed!\n",
  "stack": "Error: FFmpeg failed: ffmpeg exited with code 1: Conversion failed!\n\n    at FfmpegCommand.<anonymous> (/Users/droth/Downloads/Projects/podknowledge/audio-trimmer-server/services/video-composer.js:116:18)\n    at FfmpegCommand.emit (node:events:530:35)\n    at emitEnd (/Users/droth/Downloads/Projects/podknowledge/audio-trimmer-server/node_modules/fluent-ffmpeg/lib/processor.js:422:16)\n    at endCB (/Users/droth/Downloads/Projects/podknowledge/audio-trimmer-server/node_modules/fluent-ffmpeg/lib/processor.js:543:13)\n    at handleExit (/Users/droth/Downloads/Projects/podknowledge/audio-trimmer-server/node_modules/fluent-ffmpeg/lib/processor.js:168:11)\n    at ChildProcess.<anonymous> (/Users/droth/Downloads/Projects/podknowledge/audio-trimmer-server/node_modules/fluent-ffmpeg/lib/processor.js:180:11)\n    at ChildProcess.emit (node:events:518:28)\n    at ChildProcess._handle.onexit (node:internal/child_process:293:12)"
}
{
  "timestamp": "2025-09-13T16:36:54.095Z",
  "level": "error",
  "message": "Video processing failed",
  "jobId": "vid_794894d5",
  "error": "FFmpeg failed: ffmpeg exited with code 1: Conversion failed!\n",
  "stack": "Error: FFmpeg failed: ffmpeg exited with code 1: Conversion failed!\n\n    at FfmpegCommand.<anonymous> (/Users/droth/Downloads/Projects/podknowledge/audio-trimmer-server/services/video-composer.js:116:18)\n    at FfmpegCommand.emit (node:events:530:35)\n    at emitEnd (/Users/droth/Downloads/Projects/podknowledge/audio-trimmer-server/node_modules/fluent-ffmpeg/lib/processor.js:422:16)\n    at endCB (/Users/droth/Downloads/Projects/podknowledge/audio-trimmer-server/node_modules/fluent-ffmpeg/lib/processor.js:543:13)\n    at handleExit (/Users/droth/Downloads/Projects/podknowledge/audio-trimmer-server/node_modules/fluent-ffmpeg/lib/processor.js:168:11)\n    at ChildProcess.<anonymous> (/Users/droth/Downloads/Projects/podknowledge/audio-trimmer-server/node_modules/fluent-ffmpeg/lib/processor.js:180:11)\n    at ChildProcess.emit (node:events:518:28)\n    at ChildProcess._handle.onexit (node:internal/child_process:293:12)"
}
{
  "timestamp": "2025-09-13T16:36:56.478Z",
  "level": "error",
  "message": "Video composition failed",
  "jobId": "vid_794894d5",
  "error": "FFmpeg failed: ffmpeg exited with code 1: Conversion failed!\n",
  "stack": "Error: FFmpeg failed: ffmpeg exited with code 1: Conversion failed!\n\n    at FfmpegCommand.<anonymous> (/Users/droth/Downloads/Projects/podknowledge/audio-trimmer-server/services/video-composer.js:116:18)\n    at FfmpegCommand.emit (node:events:530:35)\n    at emitEnd (/Users/droth/Downloads/Projects/podknowledge/audio-trimmer-server/node_modules/fluent-ffmpeg/lib/processor.js:422:16)\n    at endCB (/Users/droth/Downloads/Projects/podknowledge/audio-trimmer-server/node_modules/fluent-ffmpeg/lib/processor.js:543:13)\n    at handleExit (/Users/droth/Downloads/Projects/podknowledge/audio-trimmer-server/node_modules/fluent-ffmpeg/lib/processor.js:168:11)\n    at ChildProcess.<anonymous> (/Users/droth/Downloads/Projects/podknowledge/audio-trimmer-server/node_modules/fluent-ffmpeg/lib/processor.js:180:11)\n    at ChildProcess.emit (node:events:518:28)\n    at ChildProcess._handle.onexit (node:internal/child_process:293:12)"
}
{
  "timestamp": "2025-09-13T16:36:56.477Z",
  "level": "error",
  "message": "FFmpeg processing failed",
  "jobId": "vid_794894d5",
  "error": "ffmpeg exited with code 1: Conversion failed!\n",
  "stack": "Error: ffmpeg exited with code 1: Conversion failed!\n\n    at ChildProcess.<anonymous> (/Users/droth/Downloads/Projects/podknowledge/audio-trimmer-server/node_modules/fluent-ffmpeg/lib/processor.js:180:22)\n    at ChildProcess.emit (node:events:518:28)\n    at ChildProcess._handle.onexit (node:internal/child_process:293:12)"
}
{
  "timestamp": "2025-09-13T16:36:56.478Z",
  "level": "error",
  "message": "Video processing failed",
  "jobId": "vid_794894d5",
  "error": "FFmpeg failed: ffmpeg exited with code 1: Conversion failed!\n",
  "stack": "Error: FFmpeg failed: ffmpeg exited with code 1: Conversion failed!\n\n    at FfmpegCommand.<anonymous> (/Users/droth/Downloads/Projects/podknowledge/audio-trimmer-server/services/video-composer.js:116:18)\n    at FfmpegCommand.emit (node:events:530:35)\n    at emitEnd (/Users/droth/Downloads/Projects/podknowledge/audio-trimmer-server/node_modules/fluent-ffmpeg/lib/processor.js:422:16)\n    at endCB (/Users/droth/Downloads/Projects/podknowledge/audio-trimmer-server/node_modules/fluent-ffmpeg/lib/processor.js:543:13)\n    at handleExit (/Users/droth/Downloads/Projects/podknowledge/audio-trimmer-server/node_modules/fluent-ffmpeg/lib/processor.js:168:11)\n    at ChildProcess.<anonymous> (/Users/droth/Downloads/Projects/podknowledge/audio-trimmer-server/node_modules/fluent-ffmpeg/lib/processor.js:180:11)\n    at ChildProcess.emit (node:events:518:28)\n    at ChildProcess._handle.onexit (node:internal/child_process:293:12)"
}
{
  "timestamp": "2025-09-13T16:36:56.478Z",
  "level": "error",
  "message": "Job vid_794894d5 failed at final_failure",
  "jobId": "vid_794894d5",
  "stage": "final_failure",
  "error": "FFmpeg failed: ffmpeg exited with code 1: Conversion failed!\n",
  "stack": "Error: FFmpeg failed: ffmpeg exited with code 1: Conversion failed!\n\n    at FfmpegCommand.<anonymous> (/Users/droth/Downloads/Projects/podknowledge/audio-trimmer-server/services/video-composer.js:116:18)\n    at FfmpegCommand.emit (node:events:530:35)\n    at emitEnd (/Users/droth/Downloads/Projects/podknowledge/audio-trimmer-server/node_modules/fluent-ffmpeg/lib/processor.js:422:16)\n    at endCB (/Users/droth/Downloads/Projects/podknowledge/audio-trimmer-server/node_modules/fluent-ffmpeg/lib/processor.js:543:13)\n    at handleExit (/Users/droth/Downloads/Projects/podknowledge/audio-trimmer-server/node_modules/fluent-ffmpeg/lib/processor.js:168:11)\n    at ChildProcess.<anonymous> (/Users/droth/Downloads/Projects/podknowledge/audio-trimmer-server/node_modules/fluent-ffmpeg/lib/processor.js:180:11)\n    at ChildProcess.emit (node:events:518:28)\n    at ChildProcess._handle.onexit (node:internal/child_process:293:12)"
}
{
  "timestamp": "2025-09-13T16:49:47.835Z",
  "level": "error",
  "message": "Audio download failed",
  "jobId": "vid_acf7eb0e",
  "audioUrl": "https://podcasts.files.bbci.co.uk/m001tfqx.mp3",
  "error": "HTTP 404: Request failed with status code 404",
  "downloadTime": "434ms"
}
{
  "timestamp": "2025-09-13T16:49:47.835Z",
  "level": "error",
  "message": "Video processing failed",
  "jobId": "vid_acf7eb0e",
  "error": "HTTP 404: Request failed with status code 404",
  "stack": "Error: HTTP 404: Request failed with status code 404\n    at AudioDownloadService.fetchAudioWithTimeout (/Users/droth/Downloads/Projects/podknowledge/audio-trimmer-server/services/audio-download.js:122:13)\n    at process.processTicksAndRejections (node:internal/process/task_queues:105:5)\n    at async AudioDownloadService.downloadAudioSegment (/Users/droth/Downloads/Projects/podknowledge/audio-trimmer-server/services/audio-download.js:42:49)\n    at async JobQueue.processVideoJob (/Users/droth/Downloads/Projects/podknowledge/audio-trimmer-server/services/job-queue.js:184:27)"
}
{
  "timestamp": "2025-09-13T16:49:48.160Z",
  "level": "error",
  "message": "Audio download failed",
  "jobId": "vid_acf7eb0e",
  "audioUrl": "https://podcasts.files.bbci.co.uk/m001tfqx.mp3",
  "error": "HTTP 404: Request failed with status code 404",
  "downloadTime": "324ms"
}
{
  "timestamp": "2025-09-13T16:49:48.161Z",
  "level": "error",
  "message": "Job vid_acf7eb0e failed at final_failure",
  "jobId": "vid_acf7eb0e",
  "stage": "final_failure",
  "error": "HTTP 404: Request failed with status code 404",
  "stack": "Error: HTTP 404: Request failed with status code 404\n    at AudioDownloadService.fetchAudioWithTimeout (/Users/droth/Downloads/Projects/podknowledge/audio-trimmer-server/services/audio-download.js:122:13)\n    at process.processTicksAndRejections (node:internal/process/task_queues:105:5)\n    at async AudioDownloadService.downloadAudioSegment (/Users/droth/Downloads/Projects/podknowledge/audio-trimmer-server/services/audio-download.js:42:49)\n    at async JobQueue.processVideoJob (/Users/droth/Downloads/Projects/podknowledge/audio-trimmer-server/services/job-queue.js:184:27)"
}
{
  "timestamp": "2025-09-13T16:49:48.160Z",
  "level": "error",
  "message": "Video processing failed",
  "jobId": "vid_acf7eb0e",
  "error": "HTTP 404: Request failed with status code 404",
  "stack": "Error: HTTP 404: Request failed with status code 404\n    at AudioDownloadService.fetchAudioWithTimeout (/Users/droth/Downloads/Projects/podknowledge/audio-trimmer-server/services/audio-download.js:122:13)\n    at process.processTicksAndRejections (node:internal/process/task_queues:105:5)\n    at async AudioDownloadService.downloadAudioSegment (/Users/droth/Downloads/Projects/podknowledge/audio-trimmer-server/services/audio-download.js:42:49)\n    at async JobQueue.processVideoJob (/Users/droth/Downloads/Projects/podknowledge/audio-trimmer-server/services/job-queue.js:184:27)"
}
{
  "timestamp": "2025-09-13T17:40:33.797Z",
  "level": "error",
  "message": "Audio download failed",
  "jobId": "vid_ed6a9b2b",
  "audioUrl": "https://dts.podtrac.com/redirect.mp3/chrt.fm/track/8DB4DB/pdst.fm/e/pfx.vpixl.com/6qj4J/traffic.omny.fm/d/clips/aaea4e69-af51-495e-afc9-a9760146922b/14a43378-edb2-49be-8511-ab0d000a7030/d1b9612f-bb1b-4b86-9c7f-ab0d000a7040/audio.mp3",
  "error": "HTTP 404: Request failed with status code 404",
  "downloadTime": "577ms"
}
{
  "timestamp": "2025-09-13T17:40:33.797Z",
  "level": "error",
  "message": "Video processing failed",
  "jobId": "vid_ed6a9b2b",
  "error": "HTTP 404: Request failed with status code 404",
  "stack": "Error: HTTP 404: Request failed with status code 404\n    at AudioDownloadService.fetchAudioWithTimeout (/Users/droth/Downloads/Projects/podknowledge/audio-trimmer-server/services/audio-download.js:122:13)\n    at process.processTicksAndRejections (node:internal/process/task_queues:105:5)\n    at async AudioDownloadService.downloadAudioSegment (/Users/droth/Downloads/Projects/podknowledge/audio-trimmer-server/services/audio-download.js:42:49)\n    at async JobQueue.processVideoJob (/Users/droth/Downloads/Projects/podknowledge/audio-trimmer-server/services/job-queue.js:184:27)"
}
{
  "timestamp": "2025-09-13T17:40:34.168Z",
  "level": "error",
  "message": "Audio download failed",
  "jobId": "vid_ed6a9b2b",
  "audioUrl": "https://dts.podtrac.com/redirect.mp3/chrt.fm/track/8DB4DB/pdst.fm/e/pfx.vpixl.com/6qj4J/traffic.omny.fm/d/clips/aaea4e69-af51-495e-afc9-a9760146922b/14a43378-edb2-49be-8511-ab0d000a7030/d1b9612f-bb1b-4b86-9c7f-ab0d000a7040/audio.mp3",
  "error": "HTTP 404: Request failed with status code 404",
  "downloadTime": "371ms"
}
{
  "timestamp": "2025-09-13T17:40:34.168Z",
  "level": "error",
  "message": "Video processing failed",
  "jobId": "vid_ed6a9b2b",
  "error": "HTTP 404: Request failed with status code 404",
  "stack": "Error: HTTP 404: Request failed with status code 404\n    at AudioDownloadService.fetchAudioWithTimeout (/Users/droth/Downloads/Projects/podknowledge/audio-trimmer-server/services/audio-download.js:122:13)\n    at process.processTicksAndRejections (node:internal/process/task_queues:105:5)\n    at async AudioDownloadService.downloadAudioSegment (/Users/droth/Downloads/Projects/podknowledge/audio-trimmer-server/services/audio-download.js:42:49)\n    at async JobQueue.processVideoJob (/Users/droth/Downloads/Projects/podknowledge/audio-trimmer-server/services/job-queue.js:184:27)"
}
{
  "timestamp": "2025-09-13T17:40:34.168Z",
  "level": "error",
  "message": "Job vid_ed6a9b2b failed at final_failure",
  "jobId": "vid_ed6a9b2b",
  "stage": "final_failure",
  "error": "HTTP 404: Request failed with status code 404",
  "stack": "Error: HTTP 404: Request failed with status code 404\n    at AudioDownloadService.fetchAudioWithTimeout (/Users/droth/Downloads/Projects/podknowledge/audio-trimmer-server/services/audio-download.js:122:13)\n    at process.processTicksAndRejections (node:internal/process/task_queues:105:5)\n    at async AudioDownloadService.downloadAudioSegment (/Users/droth/Downloads/Projects/podknowledge/audio-trimmer-server/services/audio-download.js:42:49)\n    at async JobQueue.processVideoJob (/Users/droth/Downloads/Projects/podknowledge/audio-trimmer-server/services/job-queue.js:184:27)"
}
{
  "timestamp": "2025-09-13T17:40:58.346Z",
  "level": "error",
  "message": "Audio download failed",
  "jobId": "vid_4cc54d1d",
  "audioUrl": "https://traffic.omny.fm/d/clips/aaea4e69-af51-495e-afc9-a9760146922b/14a43378-edb2-49be-8511-ab0d000a7030/d1b9612f-bb1b-4b86-9c7f-ab0d000a7040/audio.mp3",
  "error": "HTTP 404: Request failed with status code 404",
  "downloadTime": "134ms"
}
{
  "timestamp": "2025-09-13T17:40:58.346Z",
  "level": "error",
  "message": "Video processing failed",
  "jobId": "vid_4cc54d1d",
  "error": "HTTP 404: Request failed with status code 404",
  "stack": "Error: HTTP 404: Request failed with status code 404\n    at AudioDownloadService.fetchAudioWithTimeout (/Users/droth/Downloads/Projects/podknowledge/audio-trimmer-server/services/audio-download.js:122:13)\n    at process.processTicksAndRejections (node:internal/process/task_queues:105:5)\n    at async AudioDownloadService.downloadAudioSegment (/Users/droth/Downloads/Projects/podknowledge/audio-trimmer-server/services/audio-download.js:42:49)\n    at async JobQueue.processVideoJob (/Users/droth/Downloads/Projects/podknowledge/audio-trimmer-server/services/job-queue.js:184:27)"
}
{
  "timestamp": "2025-09-13T17:40:58.486Z",
  "level": "error",
  "message": "Audio download failed",
  "jobId": "vid_4cc54d1d",
  "audioUrl": "https://traffic.omny.fm/d/clips/aaea4e69-af51-495e-afc9-a9760146922b/14a43378-edb2-49be-8511-ab0d000a7030/d1b9612f-bb1b-4b86-9c7f-ab0d000a7040/audio.mp3",
  "error": "HTTP 404: Request failed with status code 404",
  "downloadTime": "140ms"
}
{
  "timestamp": "2025-09-13T17:40:58.487Z",
  "level": "error",
  "message": "Job vid_4cc54d1d failed at final_failure",
  "jobId": "vid_4cc54d1d",
  "stage": "final_failure",
  "error": "HTTP 404: Request failed with status code 404",
  "stack": "Error: HTTP 404: Request failed with status code 404\n    at AudioDownloadService.fetchAudioWithTimeout (/Users/droth/Downloads/Projects/podknowledge/audio-trimmer-server/services/audio-download.js:122:13)\n    at process.processTicksAndRejections (node:internal/process/task_queues:105:5)\n    at async AudioDownloadService.downloadAudioSegment (/Users/droth/Downloads/Projects/podknowledge/audio-trimmer-server/services/audio-download.js:42:49)\n    at async JobQueue.processVideoJob (/Users/droth/Downloads/Projects/podknowledge/audio-trimmer-server/services/job-queue.js:184:27)"
}
{
  "timestamp": "2025-09-13T17:40:58.486Z",
  "level": "error",
  "message": "Video processing failed",
  "jobId": "vid_4cc54d1d",
  "error": "HTTP 404: Request failed with status code 404",
  "stack": "Error: HTTP 404: Request failed with status code 404\n    at AudioDownloadService.fetchAudioWithTimeout (/Users/droth/Downloads/Projects/podknowledge/audio-trimmer-server/services/audio-download.js:122:13)\n    at process.processTicksAndRejections (node:internal/process/task_queues:105:5)\n    at async AudioDownloadService.downloadAudioSegment (/Users/droth/Downloads/Projects/podknowledge/audio-trimmer-server/services/audio-download.js:42:49)\n    at async JobQueue.processVideoJob (/Users/droth/Downloads/Projects/podknowledge/audio-trimmer-server/services/job-queue.js:184:27)"
}
{
  "timestamp": "2025-09-13T18:13:33.416Z",
  "level": "error",
  "message": "Single SVG frame generation failed",
  "jobId": "frame_1757787213017",
  "framePath": "test_frame_frame_1757787213017.png",
  "progress": 0.5,
  "error": "Expected integer for left but received 338.5 of type number"
}
{
  "timestamp": "2025-09-13T18:13:33.417Z",
  "level": "error",
  "message": "Frame generation failed",
  "error": "Expected integer for left but received 338.5 of type number",
  "stack": "Error: Expected integer for left but received 338.5 of type number\n    at Object.invalidParameterError (/Users/droth/Downloads/Projects/podknowledge/audio-trimmer-server/node_modules/sharp/lib/is.js:135:10)\n    at /Users/droth/Downloads/Projects/podknowledge/audio-trimmer-server/node_modules/sharp/lib/composite.js:168:18\n    at Array.map (<anonymous>)\n    at Sharp.composite (/Users/droth/Downloads/Projects/podknowledge/audio-trimmer-server/node_modules/sharp/lib/composite.js:135:35)\n    at FrameGenerator.generateSingleFrame (/Users/droth/Downloads/Projects/podknowledge/audio-trimmer-server/services/frame-generator.js:217:12)\n    at async module.exports (/Users/droth/Downloads/Projects/podknowledge/audio-trimmer-server/api/create-frame.js:51:5)"
}
{
  "timestamp": "2025-09-13T18:14:32.741Z",
  "level": "error",
  "message": "Frame generation failed",
  "error": "Expected integer for left but received 338.5 of type number",
  "stack": "Error: Expected integer for left but received 338.5 of type number\n    at Object.invalidParameterError (/Users/droth/Downloads/Projects/podknowledge/audio-trimmer-server/node_modules/sharp/lib/is.js:135:10)\n    at /Users/droth/Downloads/Projects/podknowledge/audio-trimmer-server/node_modules/sharp/lib/composite.js:168:18\n    at Array.map (<anonymous>)\n    at Sharp.composite (/Users/droth/Downloads/Projects/podknowledge/audio-trimmer-server/node_modules/sharp/lib/composite.js:135:35)\n    at FrameGenerator.generateSingleFrame (/Users/droth/Downloads/Projects/podknowledge/audio-trimmer-server/services/frame-generator.js:217:12)\n    at async module.exports (/Users/droth/Downloads/Projects/podknowledge/audio-trimmer-server/api/create-frame.js:51:5)"
}
{
  "timestamp": "2025-09-13T18:14:32.741Z",
  "level": "error",
  "message": "Single SVG frame generation failed",
  "jobId": "frame_1757787272431",
  "framePath": "test_frame_frame_1757787272431.png",
  "progress": 0.5,
  "error": "Expected integer for left but received 338.5 of type number"
}
{
  "timestamp": "2025-09-13T18:15:24.210Z",
  "level": "error",
  "message": "Frame generation failed",
  "error": "Expected integer for left but received 338.5 of type number",
  "stack": "Error: Expected integer for left but received 338.5 of type number\n    at Object.invalidParameterError (/Users/droth/Downloads/Projects/podknowledge/audio-trimmer-server/node_modules/sharp/lib/is.js:135:10)\n    at /Users/droth/Downloads/Projects/podknowledge/audio-trimmer-server/node_modules/sharp/lib/composite.js:168:18\n    at Array.map (<anonymous>)\n    at Sharp.composite (/Users/droth/Downloads/Projects/podknowledge/audio-trimmer-server/node_modules/sharp/lib/composite.js:135:35)\n    at FrameGenerator.generateSingleFrame (/Users/droth/Downloads/Projects/podknowledge/audio-trimmer-server/services/frame-generator.js:217:12)\n    at async module.exports (/Users/droth/Downloads/Projects/podknowledge/audio-trimmer-server/api/create-frame.js:51:5)"
}
{
  "timestamp": "2025-09-13T18:15:24.209Z",
  "level": "error",
  "message": "Single SVG frame generation failed",
  "jobId": "frame_1757787323692",
  "framePath": "test_frame_frame_1757787323692.png",
  "progress": 0.5,
  "error": "Expected integer for left but received 338.5 of type number"
}
{
  "timestamp": "2025-09-13T18:17:44.834Z",
  "level": "error",
  "message": "Single SVG frame generation failed",
  "jobId": "frame_1757787464145",
  "framePath": "test_frame_frame_1757787464145.png",
  "progress": 0.5,
  "error": "Expected integer for left but received 338.5 of type number"
}
{
  "timestamp": "2025-09-13T18:17:44.835Z",
  "level": "error",
  "message": "Frame generation failed",
  "error": "Expected integer for left but received 338.5 of type number",
  "stack": "Error: Expected integer for left but received 338.5 of type number\n    at Object.invalidParameterError (/Users/droth/Downloads/Projects/podknowledge/audio-trimmer-server/node_modules/sharp/lib/is.js:135:10)\n    at /Users/droth/Downloads/Projects/podknowledge/audio-trimmer-server/node_modules/sharp/lib/composite.js:168:18\n    at Array.map (<anonymous>)\n    at Sharp.composite (/Users/droth/Downloads/Projects/podknowledge/audio-trimmer-server/node_modules/sharp/lib/composite.js:135:35)\n    at FrameGenerator.generateSingleFrame (/Users/droth/Downloads/Projects/podknowledge/audio-trimmer-server/services/frame-generator.js:217:12)\n    at async module.exports (/Users/droth/Downloads/Projects/podknowledge/audio-trimmer-server/api/create-frame.js:51:5)"
}
{
  "timestamp": "2025-09-13T18:18:58.798Z",
  "level": "error",
  "message": "Single SVG frame generation failed",
  "jobId": "frame_1757787538503",
  "framePath": "test_frame_frame_1757787538503.png",
  "progress": 0.5,
  "error": "Expected integer for left but received 338.5 of type number"
}
{
  "timestamp": "2025-09-13T18:18:58.798Z",
  "level": "error",
  "message": "Frame generation failed",
  "error": "Expected integer for left but received 338.5 of type number",
  "stack": "Error: Expected integer for left but received 338.5 of type number\n    at Object.invalidParameterError (/Users/droth/Downloads/Projects/podknowledge/audio-trimmer-server/node_modules/sharp/lib/is.js:135:10)\n    at /Users/droth/Downloads/Projects/podknowledge/audio-trimmer-server/node_modules/sharp/lib/composite.js:168:18\n    at Array.map (<anonymous>)\n    at Sharp.composite (/Users/droth/Downloads/Projects/podknowledge/audio-trimmer-server/node_modules/sharp/lib/composite.js:135:35)\n    at FrameGenerator.generateSingleFrame (/Users/droth/Downloads/Projects/podknowledge/audio-trimmer-server/services/frame-generator.js:217:12)\n    at async module.exports (/Users/droth/Downloads/Projects/podknowledge/audio-trimmer-server/api/create-frame.js:51:5)"
}
{
  "timestamp": "2025-09-13T18:25:12.137Z",
  "level": "error",
  "message": "Job creation failed",
  "error": "Server-side video generation is currently disabled",
  "request": {
    "audioUrl": "https://dts.podtrac.com/redirect.mp3/cdn-tr.npr.org/tw/8011/2025/01/20250109_tw_8011_segrw-8fc983fb-a37f-4fb8-84bb-9e9b6c9f2e5f.mp3?f=4932231&c=_rss",
    "clipStart": 30000,
    "clipEnd": 60000,
    "podcast": {
      "title": "Poem of the Day",
      "artwork": "https://picsum.photos/400/400",
      "episode": "Test Episode"
    },
    "userEmail": "test@audio2.app",
    "aspectRatio": "9:16",
    "template": "professional"
  }
}
{
  "timestamp": "2025-09-13T18:25:12.137Z",
  "level": "error",
  "message": "Video creation failed",
  "error": "Server-side video generation is currently disabled",
  "stack": "Error: Server-side video generation is currently disabled\n    at JobQueue.checkFeatureEnabled (/Users/droth/Downloads/Projects/podknowledge/audio-trimmer-server/services/job-queue.js:27:13)\n    at JobQueue.createJob (/Users/droth/Downloads/Projects/podknowledge/audio-trimmer-server/services/job-queue.js:66:12)\n    at module.exports (/Users/droth/Downloads/Projects/podknowledge/audio-trimmer-server/api/create-video.js:59:29)\n    at module.exports (/Users/droth/Downloads/Projects/podknowledge/audio-trimmer-server/api/test-video.js:32:12)\n    at Layer.handle [as handle_request] (/Users/droth/Downloads/Projects/podknowledge/audio-trimmer-server/node_modules/express/lib/router/layer.js:95:5)\n    at next (/Users/droth/Downloads/Projects/podknowledge/audio-trimmer-server/node_modules/express/lib/router/route.js:149:13)\n    at Route.dispatch (/Users/droth/Downloads/Projects/podknowledge/audio-trimmer-server/node_modules/express/lib/router/route.js:119:3)\n    at Layer.handle [as handle_request] (/Users/droth/Downloads/Projects/podknowledge/audio-trimmer-server/node_modules/express/lib/router/layer.js:95:5)\n    at /Users/droth/Downloads/Projects/podknowledge/audio-trimmer-server/node_modules/express/lib/router/index.js:284:15\n    at Function.process_params (/Users/droth/Downloads/Projects/podknowledge/audio-trimmer-server/node_modules/express/lib/router/index.js:346:12)"
}
{
  "timestamp": "2025-09-13T18:25:35.746Z",
  "level": "error",
  "message": "Audio download failed",
  "jobId": "vid_f98748cb",
  "audioUrl": "https://dts.podtrac.com/redirect.mp3/cdn-tr.npr.org/tw/8011/2025/01/20250109_tw_8011_segrw-8fc983fb-a37f-4fb8-84bb-9e9b6c9f2e5f.mp3",
  "error": "HTTP 403: Request failed with status code 403",
  "downloadTime": "112ms"
}
{
  "timestamp": "2025-09-13T18:25:35.746Z",
  "level": "error",
  "message": "Video processing failed",
  "jobId": "vid_f98748cb",
  "error": "HTTP 403: Request failed with status code 403",
  "stack": "Error: HTTP 403: Request failed with status code 403\n    at AudioDownloadService.fetchAudioWithTimeout (/Users/droth/Downloads/Projects/podknowledge/audio-trimmer-server/services/audio-download.js:122:13)\n    at process.processTicksAndRejections (node:internal/process/task_queues:105:5)\n    at async AudioDownloadService.downloadAudioSegment (/Users/droth/Downloads/Projects/podknowledge/audio-trimmer-server/services/audio-download.js:42:49)\n    at async JobQueue.processVideoJob (/Users/droth/Downloads/Projects/podknowledge/audio-trimmer-server/services/job-queue.js:184:27)"
}
{
  "timestamp": "2025-09-13T18:25:35.803Z",
  "level": "error",
  "message": "Audio download failed",
  "jobId": "vid_f98748cb",
  "audioUrl": "https://dts.podtrac.com/redirect.mp3/cdn-tr.npr.org/tw/8011/2025/01/20250109_tw_8011_segrw-8fc983fb-a37f-4fb8-84bb-9e9b6c9f2e5f.mp3",
  "error": "HTTP 403: Request failed with status code 403",
  "downloadTime": "57ms"
}
{
  "timestamp": "2025-09-13T18:25:35.803Z",
  "level": "error",
  "message": "Video processing failed",
  "jobId": "vid_f98748cb",
  "error": "HTTP 403: Request failed with status code 403",
  "stack": "Error: HTTP 403: Request failed with status code 403\n    at AudioDownloadService.fetchAudioWithTimeout (/Users/droth/Downloads/Projects/podknowledge/audio-trimmer-server/services/audio-download.js:122:13)\n    at process.processTicksAndRejections (node:internal/process/task_queues:105:5)\n    at async AudioDownloadService.downloadAudioSegment (/Users/droth/Downloads/Projects/podknowledge/audio-trimmer-server/services/audio-download.js:42:49)\n    at async JobQueue.processVideoJob (/Users/droth/Downloads/Projects/podknowledge/audio-trimmer-server/services/job-queue.js:184:27)"
}
{
  "timestamp": "2025-09-13T18:25:35.803Z",
  "level": "error",
  "message": "Job vid_f98748cb failed at final_failure",
  "jobId": "vid_f98748cb",
  "stage": "final_failure",
  "error": "HTTP 403: Request failed with status code 403",
  "stack": "Error: HTTP 403: Request failed with status code 403\n    at AudioDownloadService.fetchAudioWithTimeout (/Users/droth/Downloads/Projects/podknowledge/audio-trimmer-server/services/audio-download.js:122:13)\n    at process.processTicksAndRejections (node:internal/process/task_queues:105:5)\n    at async AudioDownloadService.downloadAudioSegment (/Users/droth/Downloads/Projects/podknowledge/audio-trimmer-server/services/audio-download.js:42:49)\n    at async JobQueue.processVideoJob (/Users/droth/Downloads/Projects/podknowledge/audio-trimmer-server/services/job-queue.js:184:27)"
}
{
  "timestamp": "2025-09-13T18:25:53.258Z",
  "level": "error",
  "message": "Audio download failed",
  "jobId": "vid_ad921fa1",
  "audioUrl": "https://traffic.megaphone.fm/BWG7407513373.mp3",
  "error": "HTTP 404: Request failed with status code 404",
  "downloadTime": "93ms"
}
{
  "timestamp": "2025-09-13T18:25:53.258Z",
  "level": "error",
  "message": "Video processing failed",
  "jobId": "vid_ad921fa1",
  "error": "HTTP 404: Request failed with status code 404",
  "stack": "Error: HTTP 404: Request failed with status code 404\n    at AudioDownloadService.fetchAudioWithTimeout (/Users/droth/Downloads/Projects/podknowledge/audio-trimmer-server/services/audio-download.js:122:13)\n    at process.processTicksAndRejections (node:internal/process/task_queues:105:5)\n    at async AudioDownloadService.downloadAudioSegment (/Users/droth/Downloads/Projects/podknowledge/audio-trimmer-server/services/audio-download.js:42:49)\n    at async JobQueue.processVideoJob (/Users/droth/Downloads/Projects/podknowledge/audio-trimmer-server/services/job-queue.js:184:27)"
}
{
  "timestamp": "2025-09-13T18:25:53.339Z",
  "level": "error",
  "message": "Audio download failed",
  "jobId": "vid_ad921fa1",
  "audioUrl": "https://traffic.megaphone.fm/BWG7407513373.mp3",
  "error": "HTTP 404: Request failed with status code 404",
  "downloadTime": "81ms"
}
{
  "timestamp": "2025-09-13T18:25:53.339Z",
  "level": "error",
  "message": "Video processing failed",
  "jobId": "vid_ad921fa1",
  "error": "HTTP 404: Request failed with status code 404",
  "stack": "Error: HTTP 404: Request failed with status code 404\n    at AudioDownloadService.fetchAudioWithTimeout (/Users/droth/Downloads/Projects/podknowledge/audio-trimmer-server/services/audio-download.js:122:13)\n    at process.processTicksAndRejections (node:internal/process/task_queues:105:5)\n    at async AudioDownloadService.downloadAudioSegment (/Users/droth/Downloads/Projects/podknowledge/audio-trimmer-server/services/audio-download.js:42:49)\n    at async JobQueue.processVideoJob (/Users/droth/Downloads/Projects/podknowledge/audio-trimmer-server/services/job-queue.js:184:27)"
}
{
  "timestamp": "2025-09-13T18:25:53.339Z",
  "level": "error",
  "message": "Job vid_ad921fa1 failed at final_failure",
  "jobId": "vid_ad921fa1",
  "stage": "final_failure",
  "error": "HTTP 404: Request failed with status code 404",
  "stack": "Error: HTTP 404: Request failed with status code 404\n    at AudioDownloadService.fetchAudioWithTimeout (/Users/droth/Downloads/Projects/podknowledge/audio-trimmer-server/services/audio-download.js:122:13)\n    at process.processTicksAndRejections (node:internal/process/task_queues:105:5)\n    at async AudioDownloadService.downloadAudioSegment (/Users/droth/Downloads/Projects/podknowledge/audio-trimmer-server/services/audio-download.js:42:49)\n    at async JobQueue.processVideoJob (/Users/droth/Downloads/Projects/podknowledge/audio-trimmer-server/services/job-queue.js:184:27)"
}
{
  "timestamp": "2025-09-13T18:37:40.756Z",
  "level": "error",
  "message": "Audio download failed",
  "jobId": "vid_732c1ffb",
  "audioUrl": "https://dts.podtrac.com/redirect.mp3/cdn-tr.npr.org/tw/8011/2025/01/20250109_tw_8011_segrw-8fc983fb-a37f-4fb8-84bb-9e9b6c9f2e5f.mp3",
  "error": "HTTP 403: Request failed with status code 403",
  "downloadTime": "127ms"
}
{
  "timestamp": "2025-09-13T18:37:40.756Z",
  "level": "error",
  "message": "Video processing failed",
  "jobId": "vid_732c1ffb",
  "error": "HTTP 403: Request failed with status code 403",
  "stack": "Error: HTTP 403: Request failed with status code 403\n    at AudioDownloadService.fetchAudioWithTimeout (/Users/droth/Downloads/Projects/podknowledge/audio-trimmer-server/services/audio-download.js:122:13)\n    at process.processTicksAndRejections (node:internal/process/task_queues:105:5)\n    at async AudioDownloadService.downloadAudioSegment (/Users/droth/Downloads/Projects/podknowledge/audio-trimmer-server/services/audio-download.js:42:49)\n    at async JobQueue.processVideoJob (/Users/droth/Downloads/Projects/podknowledge/audio-trimmer-server/services/job-queue.js:184:27)"
}
{
  "timestamp": "2025-09-13T18:37:40.819Z",
  "level": "error",
  "message": "Audio download failed",
  "jobId": "vid_732c1ffb",
  "audioUrl": "https://dts.podtrac.com/redirect.mp3/cdn-tr.npr.org/tw/8011/2025/01/20250109_tw_8011_segrw-8fc983fb-a37f-4fb8-84bb-9e9b6c9f2e5f.mp3",
  "error": "HTTP 403: Request failed with status code 403",
  "downloadTime": "63ms"
}
{
  "timestamp": "2025-09-13T18:37:40.819Z",
  "level": "error",
  "message": "Job vid_732c1ffb failed at final_failure",
  "jobId": "vid_732c1ffb",
  "stage": "final_failure",
  "error": "HTTP 403: Request failed with status code 403",
  "stack": "Error: HTTP 403: Request failed with status code 403\n    at AudioDownloadService.fetchAudioWithTimeout (/Users/droth/Downloads/Projects/podknowledge/audio-trimmer-server/services/audio-download.js:122:13)\n    at process.processTicksAndRejections (node:internal/process/task_queues:105:5)\n    at async AudioDownloadService.downloadAudioSegment (/Users/droth/Downloads/Projects/podknowledge/audio-trimmer-server/services/audio-download.js:42:49)\n    at async JobQueue.processVideoJob (/Users/droth/Downloads/Projects/podknowledge/audio-trimmer-server/services/job-queue.js:184:27)"
}
{
  "timestamp": "2025-09-13T18:37:40.819Z",
  "level": "error",
  "message": "Video processing failed",
  "jobId": "vid_732c1ffb",
  "error": "HTTP 403: Request failed with status code 403",
  "stack": "Error: HTTP 403: Request failed with status code 403\n    at AudioDownloadService.fetchAudioWithTimeout (/Users/droth/Downloads/Projects/podknowledge/audio-trimmer-server/services/audio-download.js:122:13)\n    at process.processTicksAndRejections (node:internal/process/task_queues:105:5)\n    at async AudioDownloadService.downloadAudioSegment (/Users/droth/Downloads/Projects/podknowledge/audio-trimmer-server/services/audio-download.js:42:49)\n    at async JobQueue.processVideoJob (/Users/droth/Downloads/Projects/podknowledge/audio-trimmer-server/services/job-queue.js:184:27)"
}
{
  "timestamp": "2025-09-13T18:37:56.430Z",
  "level": "error",
  "message": "Audio download failed",
  "jobId": "vid_832f1a0f",
  "audioUrl": "https://traffic.megaphone.fm/BW9387103644.mp3",
  "error": "HTTP 404: Request failed with status code 404",
  "downloadTime": "97ms"
}
{
  "timestamp": "2025-09-13T18:37:56.430Z",
  "level": "error",
  "message": "Video processing failed",
  "jobId": "vid_832f1a0f",
  "error": "HTTP 404: Request failed with status code 404",
  "stack": "Error: HTTP 404: Request failed with status code 404\n    at AudioDownloadService.fetchAudioWithTimeout (/Users/droth/Downloads/Projects/podknowledge/audio-trimmer-server/services/audio-download.js:122:13)\n    at process.processTicksAndRejections (node:internal/process/task_queues:105:5)\n    at async AudioDownloadService.downloadAudioSegment (/Users/droth/Downloads/Projects/podknowledge/audio-trimmer-server/services/audio-download.js:42:49)\n    at async JobQueue.processVideoJob (/Users/droth/Downloads/Projects/podknowledge/audio-trimmer-server/services/job-queue.js:184:27)"
}
{
  "timestamp": "2025-09-13T18:37:56.515Z",
  "level": "error",
  "message": "Video processing failed",
  "jobId": "vid_832f1a0f",
  "error": "HTTP 404: Request failed with status code 404",
  "stack": "Error: HTTP 404: Request failed with status code 404\n    at AudioDownloadService.fetchAudioWithTimeout (/Users/droth/Downloads/Projects/podknowledge/audio-trimmer-server/services/audio-download.js:122:13)\n    at process.processTicksAndRejections (node:internal/process/task_queues:105:5)\n    at async AudioDownloadService.downloadAudioSegment (/Users/droth/Downloads/Projects/podknowledge/audio-trimmer-server/services/audio-download.js:42:49)\n    at async JobQueue.processVideoJob (/Users/droth/Downloads/Projects/podknowledge/audio-trimmer-server/services/job-queue.js:184:27)"
}
{
  "timestamp": "2025-09-13T18:37:56.515Z",
  "level": "error",
  "message": "Audio download failed",
  "jobId": "vid_832f1a0f",
  "audioUrl": "https://traffic.megaphone.fm/BW9387103644.mp3",
  "error": "HTTP 404: Request failed with status code 404",
  "downloadTime": "85ms"
}
{
  "timestamp": "2025-09-13T18:37:56.515Z",
  "level": "error",
  "message": "Job vid_832f1a0f failed at final_failure",
  "jobId": "vid_832f1a0f",
  "stage": "final_failure",
  "error": "HTTP 404: Request failed with status code 404",
  "stack": "Error: HTTP 404: Request failed with status code 404\n    at AudioDownloadService.fetchAudioWithTimeout (/Users/droth/Downloads/Projects/podknowledge/audio-trimmer-server/services/audio-download.js:122:13)\n    at process.processTicksAndRejections (node:internal/process/task_queues:105:5)\n    at async AudioDownloadService.downloadAudioSegment (/Users/droth/Downloads/Projects/podknowledge/audio-trimmer-server/services/audio-download.js:42:49)\n    at async JobQueue.processVideoJob (/Users/droth/Downloads/Projects/podknowledge/audio-trimmer-server/services/job-queue.js:184:27)"
}
{
  "timestamp": "2025-09-13T18:38:21.608Z",
  "level": "error",
  "message": "Cost analytics dashboard failed",
  "error": "Cannot read properties of undefined (reading 'toFixed')",
  "ip": "127.0.0.1"
}
{
  "timestamp": "2025-09-13T18:55:33.754Z",
  "level": "error",
  "message": "Audio download failed",
  "jobId": "vid_525e33e1",
  "audioUrl": "https://sample-videos.com/zip/10/mp3/SampleAudio_0.4mb_mp3.mp3",
  "error": "Audio download timeout after 30000ms",
  "downloadTime": "30008ms"
}
{
  "timestamp": "2025-09-13T18:55:33.755Z",
  "level": "error",
  "message": "Video processing failed",
  "jobId": "vid_525e33e1",
  "error": "Audio download timeout after 30000ms",
  "stack": "Error: Audio download timeout after 30000ms\n    at AudioDownloadService.fetchAudioWithTimeout (/Users/droth/Downloads/Projects/podknowledge/audio-trimmer-server/services/audio-download.js:120:15)\n    at async AudioDownloadService.downloadAudioSegment (/Users/droth/Downloads/Projects/podknowledge/audio-trimmer-server/services/audio-download.js:42:49)\n    at async JobQueue.processVideoJob (/Users/droth/Downloads/Projects/podknowledge/audio-trimmer-server/services/job-queue.js:184:27)"
}
{
  "timestamp": "2025-09-13T18:56:03.777Z",
  "level": "error",
  "message": "Video processing failed",
  "jobId": "vid_525e33e1",
  "error": "Audio download timeout after 30000ms",
  "stack": "Error: Audio download timeout after 30000ms\n    at AudioDownloadService.fetchAudioWithTimeout (/Users/droth/Downloads/Projects/podknowledge/audio-trimmer-server/services/audio-download.js:120:15)\n    at async AudioDownloadService.downloadAudioSegment (/Users/droth/Downloads/Projects/podknowledge/audio-trimmer-server/services/audio-download.js:42:49)\n    at async JobQueue.processVideoJob (/Users/droth/Downloads/Projects/podknowledge/audio-trimmer-server/services/job-queue.js:184:27)"
}
{
  "timestamp": "2025-09-13T18:56:03.776Z",
  "level": "error",
  "message": "Audio download failed",
  "jobId": "vid_525e33e1",
  "audioUrl": "https://sample-videos.com/zip/10/mp3/SampleAudio_0.4mb_mp3.mp3",
  "error": "Audio download timeout after 30000ms",
  "downloadTime": "30015ms"
}
{
  "timestamp": "2025-09-13T18:56:03.777Z",
  "level": "error",
  "message": "Job vid_525e33e1 failed at final_failure",
  "jobId": "vid_525e33e1",
  "stage": "final_failure",
  "error": "Audio download timeout after 30000ms",
  "stack": "Error: Audio download timeout after 30000ms\n    at AudioDownloadService.fetchAudioWithTimeout (/Users/droth/Downloads/Projects/podknowledge/audio-trimmer-server/services/audio-download.js:120:15)\n    at async AudioDownloadService.downloadAudioSegment (/Users/droth/Downloads/Projects/podknowledge/audio-trimmer-server/services/audio-download.js:42:49)\n    at async JobQueue.processVideoJob (/Users/droth/Downloads/Projects/podknowledge/audio-trimmer-server/services/job-queue.js:184:27)"
}
{
  "timestamp": "2025-09-13T19:08:14.728Z",
  "level": "error",
  "message": "Missing required fields",
  "provided": [
    "audioUrl",
    "podcast",
    "duration"
  ]
}
{
  "timestamp": "2025-09-13T19:55:40.351Z",
  "level": "error",
  "message": "Missing required fields",
  "provided": [
    "audioUrl",
    "podcast"
  ]
}
{
  "timestamp": "2025-09-13T19:55:49.899Z",
  "level": "error",
  "message": "Invalid clip duration",
  "duration": 0.03,
  "min": 5,
  "max": 240
}
{
  "timestamp": "2025-09-13T19:55:58.723Z",
  "level": "error",
  "message": "Invalid clip duration",
  "duration": 0.01,
  "min": 5,
  "max": 240
}
{
  "timestamp": "2025-09-13T19:56:06.457Z",
  "level": "error",
  "message": "Invalid clip duration",
  "duration": 0.01,
  "min": 5,
  "max": 240
}
{
  "timestamp": "2025-09-14T14:55:20.001Z",
  "level": "error",
  "message": "Missing required fields",
  "provided": [
    "podcast",
    "duration"
  ]
}
{
  "timestamp": "2025-09-14T14:58:31.609Z",
  "level": "error",
  "message": "Invalid clip duration",
  "duration": 0.005,
  "min": 5,
  "max": 240
}
{
  "timestamp": "2025-09-14T14:58:37.798Z",
  "level": "error",
  "message": "Invalid clip duration",
  "duration": 0.008,
  "min": 5,
  "max": 240
}
{
  "timestamp": "2025-09-14T14:59:28.972Z",
  "level": "error",
  "message": "Invalid clip duration",
  "duration": 0.01,
  "min": 5,
  "max": 240
}
{
  "timestamp": "2025-09-14T14:59:40.493Z",
  "level": "error",
  "message": "Invalid clip duration",
  "duration": 0.01,
  "min": 5,
  "max": 240
}
{
  "timestamp": "2025-09-14T15:01:53.791Z",
  "level": "error",
  "message": "Audio download failed",
  "jobId": "vid_2b4845bc",
  "audioUrl": "https://file-examples.com/storage/fe68c1b8fa66981b1c4e54c/2017/11/file_example_MP3_700KB.mp3",
  "error": "HTTP 404: Request failed with status code 404",
  "downloadTime": "1143ms"
}
{
  "timestamp": "2025-09-14T15:01:53.791Z",
  "level": "error",
  "message": "Video processing failed",
  "jobId": "vid_2b4845bc",
  "error": "HTTP 404: Request failed with status code 404",
  "stack": "Error: HTTP 404: Request failed with status code 404\n    at AudioDownloadService.fetchAudioWithTimeout (/Users/droth/Downloads/Projects/podknowledge/audio-trimmer-server/services/audio-download.js:122:13)\n    at process.processTicksAndRejections (node:internal/process/task_queues:105:5)\n    at async AudioDownloadService.downloadAudioSegment (/Users/droth/Downloads/Projects/podknowledge/audio-trimmer-server/services/audio-download.js:42:49)\n    at async JobQueue.processVideoJob (/Users/droth/Downloads/Projects/podknowledge/audio-trimmer-server/services/job-queue.js:184:27)"
}
{
  "timestamp": "2025-09-14T15:01:54.356Z",
  "level": "error",
  "message": "Audio download failed",
  "jobId": "vid_2b4845bc",
  "audioUrl": "https://file-examples.com/storage/fe68c1b8fa66981b1c4e54c/2017/11/file_example_MP3_700KB.mp3",
  "error": "HTTP 404: Request failed with status code 404",
  "downloadTime": "564ms"
}
{
  "timestamp": "2025-09-14T15:01:54.356Z",
  "level": "error",
  "message": "Video processing failed",
  "jobId": "vid_2b4845bc",
  "error": "HTTP 404: Request failed with status code 404",
  "stack": "Error: HTTP 404: Request failed with status code 404\n    at AudioDownloadService.fetchAudioWithTimeout (/Users/droth/Downloads/Projects/podknowledge/audio-trimmer-server/services/audio-download.js:122:13)\n    at process.processTicksAndRejections (node:internal/process/task_queues:105:5)\n    at async AudioDownloadService.downloadAudioSegment (/Users/droth/Downloads/Projects/podknowledge/audio-trimmer-server/services/audio-download.js:42:49)\n    at async JobQueue.processVideoJob (/Users/droth/Downloads/Projects/podknowledge/audio-trimmer-server/services/job-queue.js:184:27)"
}
{
  "timestamp": "2025-09-14T15:01:54.357Z",
  "level": "error",
  "message": "Job vid_2b4845bc failed at final_failure",
  "jobId": "vid_2b4845bc",
  "stage": "final_failure",
  "error": "HTTP 404: Request failed with status code 404",
  "stack": "Error: HTTP 404: Request failed with status code 404\n    at AudioDownloadService.fetchAudioWithTimeout (/Users/droth/Downloads/Projects/podknowledge/audio-trimmer-server/services/audio-download.js:122:13)\n    at process.processTicksAndRejections (node:internal/process/task_queues:105:5)\n    at async AudioDownloadService.downloadAudioSegment (/Users/droth/Downloads/Projects/podknowledge/audio-trimmer-server/services/audio-download.js:42:49)\n    at async JobQueue.processVideoJob (/Users/droth/Downloads/Projects/podknowledge/audio-trimmer-server/services/job-queue.js:184:27)"
}
{
  "timestamp": "2025-09-14T15:21:11.340Z",
  "level": "error",
  "message": "Audio download failed",
  "jobId": "vid_8b1285fa",
  "audioUrl": "https://www2.cs.uic.edu/~i101/SoundFiles/PinkPanther30.wav",
  "error": "HTTP Network: getaddrinfo ENOTFOUND www2.cs.uic.edu",
  "downloadTime": "90ms"
}
{
  "timestamp": "2025-09-14T15:21:11.341Z",
  "level": "error",
  "message": "Video processing failed",
  "jobId": "vid_8b1285fa",
  "error": "HTTP Network: getaddrinfo ENOTFOUND www2.cs.uic.edu",
  "stack": "Error: HTTP Network: getaddrinfo ENOTFOUND www2.cs.uic.edu\n    at AudioDownloadService.fetchAudioWithTimeout (/Users/droth/Downloads/Projects/podknowledge/audio-trimmer-server/services/audio-download.js:122:13)\n    at process.processTicksAndRejections (node:internal/process/task_queues:105:5)\n    at async AudioDownloadService.downloadAudioSegment (/Users/droth/Downloads/Projects/podknowledge/audio-trimmer-server/services/audio-download.js:42:49)\n    at async JobQueue.processVideoJob (/Users/droth/Downloads/Projects/podknowledge/audio-trimmer-server/services/job-queue.js:184:27)"
}
{
  "timestamp": "2025-09-14T15:21:11.348Z",
  "level": "error",
  "message": "Audio download failed",
  "jobId": "vid_8b1285fa",
  "audioUrl": "https://www2.cs.uic.edu/~i101/SoundFiles/PinkPanther30.wav",
  "error": "HTTP Network: getaddrinfo ENOTFOUND www2.cs.uic.edu",
  "downloadTime": "7ms"
}
{
  "timestamp": "2025-09-14T15:21:11.348Z",
  "level": "error",
  "message": "Job vid_8b1285fa failed at final_failure",
  "jobId": "vid_8b1285fa",
  "stage": "final_failure",
  "error": "HTTP Network: getaddrinfo ENOTFOUND www2.cs.uic.edu",
  "stack": "Error: HTTP Network: getaddrinfo ENOTFOUND www2.cs.uic.edu\n    at AudioDownloadService.fetchAudioWithTimeout (/Users/droth/Downloads/Projects/podknowledge/audio-trimmer-server/services/audio-download.js:122:13)\n    at process.processTicksAndRejections (node:internal/process/task_queues:105:5)\n    at async AudioDownloadService.downloadAudioSegment (/Users/droth/Downloads/Projects/podknowledge/audio-trimmer-server/services/audio-download.js:42:49)\n    at async JobQueue.processVideoJob (/Users/droth/Downloads/Projects/podknowledge/audio-trimmer-server/services/job-queue.js:184:27)"
}
{
  "timestamp": "2025-09-14T15:21:11.348Z",
  "level": "error",
  "message": "Video processing failed",
  "jobId": "vid_8b1285fa",
  "error": "HTTP Network: getaddrinfo ENOTFOUND www2.cs.uic.edu",
  "stack": "Error: HTTP Network: getaddrinfo ENOTFOUND www2.cs.uic.edu\n    at AudioDownloadService.fetchAudioWithTimeout (/Users/droth/Downloads/Projects/podknowledge/audio-trimmer-server/services/audio-download.js:122:13)\n    at process.processTicksAndRejections (node:internal/process/task_queues:105:5)\n    at async AudioDownloadService.downloadAudioSegment (/Users/droth/Downloads/Projects/podknowledge/audio-trimmer-server/services/audio-download.js:42:49)\n    at async JobQueue.processVideoJob (/Users/droth/Downloads/Projects/podknowledge/audio-trimmer-server/services/job-queue.js:184:27)"
}
